<?xml version="1.0" encoding="UTF-8"?>
<testng-results skipped="0" failed="0" ignored="0" total="2" passed="2">
  <reporter-output>
  </reporter-output>
  <suite name="Default suite" duration-ms="43866" started-at="2021-11-03T21:02:44 IST" finished-at="2021-11-03T21:03:28 IST">
    <groups>
    </groups>
    <test name="Default test" duration-ms="43866" started-at="2021-11-03T21:02:44 IST" finished-at="2021-11-03T21:03:28 IST">
      <class name="Amazon.SearchEarPhones">
        <test-method status="PASS" signature="beforeClass()[pri:0, instance:Amazon.SearchEarPhones@4d1b0d2a]" name="beforeClass" is-config="true" duration-ms="24028" started-at="2021-11-03T21:02:44 IST" finished-at="2021-11-03T21:03:08 IST">
          <reporter-output>
          </reporter-output>
        </test-method> <!-- beforeClass -->
        <test-method status="PASS" signature="SearchEarPhonesWithMic()[pri:0, instance:Amazon.SearchEarPhones@4d1b0d2a]" name="SearchEarPhonesWithMic" duration-ms="14978" started-at="2021-11-03T21:03:08 IST" finished-at="2021-11-03T21:03:23 IST">
          <reporter-output>
          </reporter-output>
        </test-method> <!-- SearchEarPhonesWithMic -->
        <test-method status="PASS" signature="listSearchResult()[pri:0, instance:Amazon.SearchEarPhones@4d1b0d2a]" name="listSearchResult" duration-ms="4218" started-at="2021-11-03T21:03:23 IST" finished-at="2021-11-03T21:03:27 IST">
          <reporter-output>
          </reporter-output>
        </test-method> <!-- listSearchResult -->
        <test-method status="PASS" signature="tearDown()[pri:0, instance:Amazon.SearchEarPhones@4d1b0d2a]" name="tearDown" is-config="true" duration-ms="469" started-at="2021-11-03T21:03:27 IST" finished-at="2021-11-03T21:03:28 IST">
          <reporter-output>
          </reporter-output>
        </test-method> <!-- tearDown -->
      </class> <!-- Amazon.SearchEarPhones -->
    </test> <!-- Default test -->
  </suite> <!-- Default suite -->
</testng-results>
